AH00558: apache2: Could not reliably determine the server's fully qualified domain name, using 172.21.0.5. Set the 'ServerName' directive globally to suppress this message
[Sun Jun 16 12:26:54.762392 2019] [mpm_prefork:notice] [pid 1] AH00163: Apache/2.4.25 (Debian) PHP/7.1.20 configured -- resuming normal operations
[Sun Jun 16 12:26:54.762473 2019] [core:notice] [pid 1] AH00094: Command line: 'apache2 -D FOREGROUND'
[Sun Jun 16 12:27:29.796632 2019] [mpm_prefork:notice] [pid 1] AH00169: caught SIGTERM, shutting down
AH00558: apache2: Could not reliably determine the server's fully qualified domain name, using 172.21.0.6. Set the 'ServerName' directive globally to suppress this message
[Sun Jun 16 12:27:45.321928 2019] [mpm_prefork:notice] [pid 1] AH00163: Apache/2.4.25 (Debian) PHP/7.1.20 configured -- resuming normal operations
[Sun Jun 16 12:27:45.375962 2019] [core:notice] [pid 1] AH00094: Command line: 'apache2 -D FOREGROUND'
[Sun Jun 16 12:28:07.472259 2019] [mpm_prefork:notice] [pid 1] AH00169: caught SIGTERM, shutting down
AH00558: apache2: Could not reliably determine the server's fully qualified domain name, using 172.21.0.5. Set the 'ServerName' directive globally to suppress this message
[Sun Jun 16 12:28:30.836874 2019] [mpm_prefork:notice] [pid 1] AH00163: Apache/2.4.25 (Debian) PHP/7.1.20 configured -- resuming normal operations
[Sun Jun 16 12:28:30.837386 2019] [core:notice] [pid 1] AH00094: Command line: 'apache2 -D FOREGROUND'
[Sun Jun 16 12:28:51.407560 2019] [autoindex:error] [pid 16] [client 172.21.0.1:41604] AH01276: Cannot serve directory /var/www/html/: No matching DirectoryIndex (index.php,index.html) found, and server-generated directory index forbidden by Options directive
[Sun Jun 16 12:30:48.490002 2019] [mpm_prefork:notice] [pid 1] AH00169: caught SIGTERM, shutting down
AH00558: apache2: Could not reliably determine the server's fully qualified domain name, using 172.21.0.6. Set the 'ServerName' directive globally to suppress this message
[Sun Jun 16 12:32:06.707050 2019] [mpm_prefork:notice] [pid 1] AH00163: Apache/2.4.25 (Debian) PHP/7.1.20 configured -- resuming normal operations
[Sun Jun 16 12:32:06.707539 2019] [core:notice] [pid 1] AH00094: Command line: 'apache2 -D FOREGROUND'
[Sun Jun 16 12:33:39.151217 2019] [mpm_prefork:notice] [pid 1] AH00169: caught SIGTERM, shutting down
AH00558: apache2: Could not reliably determine the server's fully qualified domain name, using 172.21.0.3. Set the 'ServerName' directive globally to suppress this message
[Sun Jun 16 13:17:05.555520 2019] [mpm_prefork:notice] [pid 1] AH00163: Apache/2.4.25 (Debian) PHP/7.1.20 configured -- resuming normal operations
[Sun Jun 16 13:17:05.555606 2019] [core:notice] [pid 1] AH00094: Command line: 'apache2 -D FOREGROUND'
[Sun Jun 16 13:27:23.032330 2019] [mpm_prefork:notice] [pid 1] AH00169: caught SIGTERM, shutting down
AH00558: apache2: Could not reliably determine the server's fully qualified domain name, using 172.21.0.3. Set the 'ServerName' directive globally to suppress this message
[Sun Jun 16 13:33:33.147318 2019] [mpm_prefork:notice] [pid 1] AH00163: Apache/2.4.25 (Debian) PHP/7.1.20 configured -- resuming normal operations
[Sun Jun 16 13:33:33.147408 2019] [core:notice] [pid 1] AH00094: Command line: 'apache2 -D FOREGROUND'
[Sun Jun 16 13:35:01.112287 2019] [mpm_prefork:notice] [pid 1] AH00169: caught SIGTERM, shutting down
AH00558: apache2: Could not reliably determine the server's fully qualified domain name, using 172.21.0.3. Set the 'ServerName' directive globally to suppress this message
[Sun Jun 16 13:35:09.710912 2019] [mpm_prefork:notice] [pid 1] AH00163: Apache/2.4.25 (Debian) PHP/7.1.20 configured -- resuming normal operations
[Sun Jun 16 13:35:09.710985 2019] [core:notice] [pid 1] AH00094: Command line: 'apache2 -D FOREGROUND'
[Sun Jun 16 13:35:17.423680 2019] [mpm_prefork:notice] [pid 1] AH00169: caught SIGTERM, shutting down
AH00558: apache2: Could not reliably determine the server's fully qualified domain name, using 172.21.0.3. Set the 'ServerName' directive globally to suppress this message
[Sun Jun 16 13:35:39.227068 2019] [mpm_prefork:notice] [pid 1] AH00163: Apache/2.4.25 (Debian) PHP/7.1.20 configured -- resuming normal operations
[Sun Jun 16 13:35:39.227143 2019] [core:notice] [pid 1] AH00094: Command line: 'apache2 -D FOREGROUND'
[Sun Jun 16 20:38:29.882963 2019] [mpm_prefork:notice] [pid 1] AH00169: caught SIGTERM, shutting down
AH00558: apache2: Could not reliably determine the server's fully qualified domain name, using 172.21.0.2. Set the 'ServerName' directive globally to suppress this message
[Tue Jun 18 06:50:42.109735 2019] [mpm_prefork:notice] [pid 1] AH00163: Apache/2.4.25 (Debian) PHP/7.1.20 configured -- resuming normal operations
[Tue Jun 18 06:50:42.110710 2019] [core:notice] [pid 1] AH00094: Command line: 'apache2 -D FOREGROUND'
[Tue Jun 18 06:52:08.099562 2019] [mpm_prefork:notice] [pid 1] AH00169: caught SIGTERM, shutting down
AH00558: apache2: Could not reliably determine the server's fully qualified domain name, using 172.21.0.3. Set the 'ServerName' directive globally to suppress this message
[Tue Jun 18 06:52:16.630005 2019] [mpm_prefork:notice] [pid 1] AH00163: Apache/2.4.25 (Debian) PHP/7.1.20 configured -- resuming normal operations
[Tue Jun 18 06:52:16.630056 2019] [core:notice] [pid 1] AH00094: Command line: 'apache2 -D FOREGROUND'
[Tue Jun 18 06:57:02.624253 2019] [mpm_prefork:notice] [pid 1] AH00169: caught SIGTERM, shutting down
AH00558: apache2: Could not reliably determine the server's fully qualified domain name, using 172.21.0.3. Set the 'ServerName' directive globally to suppress this message
[Tue Jun 18 06:57:11.189744 2019] [mpm_prefork:notice] [pid 1] AH00163: Apache/2.4.25 (Debian) PHP/7.1.20 configured -- resuming normal operations
[Tue Jun 18 06:57:11.189817 2019] [core:notice] [pid 1] AH00094: Command line: 'apache2 -D FOREGROUND'
[Tue Jun 18 07:01:53.495423 2019] [mpm_prefork:notice] [pid 1] AH00169: caught SIGTERM, shutting down
AH00558: apache2: Could not reliably determine the server's fully qualified domain name, using 172.21.0.3. Set the 'ServerName' directive globally to suppress this message
[Tue Jun 18 07:02:14.350146 2019] [mpm_prefork:notice] [pid 1] AH00163: Apache/2.4.25 (Debian) PHP/7.1.20 configured -- resuming normal operations
[Tue Jun 18 07:02:14.350283 2019] [core:notice] [pid 1] AH00094: Command line: 'apache2 -D FOREGROUND'
[Tue Jun 18 07:02:23.803202 2019] [mpm_prefork:notice] [pid 1] AH00169: caught SIGTERM, shutting down
AH00558: apache2: Could not reliably determine the server's fully qualified domain name, using 172.21.0.3. Set the 'ServerName' directive globally to suppress this message
[Tue Jun 18 07:09:47.977280 2019] [mpm_prefork:notice] [pid 1] AH00163: Apache/2.4.25 (Debian) PHP/7.1.20 configured -- resuming normal operations
[Tue Jun 18 07:09:47.977341 2019] [core:notice] [pid 1] AH00094: Command line: 'apache2 -D FOREGROUND'
[Tue Jun 18 07:24:11.700668 2019] [mpm_prefork:notice] [pid 1] AH00169: caught SIGTERM, shutting down
AH00558: apache2: Could not reliably determine the server's fully qualified domain name, using 172.21.0.3. Set the 'ServerName' directive globally to suppress this message
[Tue Jun 18 07:27:57.038504 2019] [mpm_prefork:notice] [pid 1] AH00163: Apache/2.4.25 (Debian) PHP/7.1.20 configured -- resuming normal operations
[Tue Jun 18 07:27:57.038570 2019] [core:notice] [pid 1] AH00094: Command line: 'apache2 -D FOREGROUND'
[Tue Jun 18 07:31:37.646457 2019] [mpm_prefork:notice] [pid 1] AH00169: caught SIGTERM, shutting down
AH00558: apache2: Could not reliably determine the server's fully qualified domain name, using 172.21.0.3. Set the 'ServerName' directive globally to suppress this message
[Tue Jun 18 07:31:47.294663 2019] [mpm_prefork:notice] [pid 1] AH00163: Apache/2.4.25 (Debian) PHP/7.1.20 configured -- resuming normal operations
[Tue Jun 18 07:31:47.294729 2019] [core:notice] [pid 1] AH00094: Command line: 'apache2 -D FOREGROUND'
[Tue Jun 18 07:33:51.601755 2019] [mpm_prefork:notice] [pid 1] AH00169: caught SIGTERM, shutting down
AH00558: apache2: Could not reliably determine the server's fully qualified domain name, using 172.21.0.3. Set the 'ServerName' directive globally to suppress this message
[Tue Jun 18 07:34:44.273501 2019] [mpm_prefork:notice] [pid 1] AH00163: Apache/2.4.25 (Debian) PHP/7.1.20 configured -- resuming normal operations
[Tue Jun 18 07:34:44.273563 2019] [core:notice] [pid 1] AH00094: Command line: 'apache2 -D FOREGROUND'
[Tue Jun 18 07:35:47.376560 2019] [mpm_prefork:notice] [pid 1] AH00169: caught SIGTERM, shutting down
AH00558: apache2: Could not reliably determine the server's fully qualified domain name, using 172.21.0.3. Set the 'ServerName' directive globally to suppress this message
[Tue Jun 18 07:35:57.170929 2019] [mpm_prefork:notice] [pid 1] AH00163: Apache/2.4.25 (Debian) PHP/7.1.20 configured -- resuming normal operations
[Tue Jun 18 07:35:57.171000 2019] [core:notice] [pid 1] AH00094: Command line: 'apache2 -D FOREGROUND'
[Tue Jun 18 07:37:37.918267 2019] [mpm_prefork:notice] [pid 1] AH00169: caught SIGTERM, shutting down
AH00558: apache2: Could not reliably determine the server's fully qualified domain name, using 172.21.0.3. Set the 'ServerName' directive globally to suppress this message
[Tue Jun 18 07:37:49.979041 2019] [mpm_prefork:notice] [pid 1] AH00163: Apache/2.4.25 (Debian) PHP/7.1.20 configured -- resuming normal operations
[Tue Jun 18 07:37:49.979110 2019] [core:notice] [pid 1] AH00094: Command line: 'apache2 -D FOREGROUND'
[Tue Jun 18 07:39:17.831346 2019] [mpm_prefork:notice] [pid 1] AH00169: caught SIGTERM, shutting down
AH00558: apache2: Could not reliably determine the server's fully qualified domain name, using 172.21.0.4. Set the 'ServerName' directive globally to suppress this message
[Tue Jun 18 07:39:50.036855 2019] [mpm_prefork:notice] [pid 1] AH00163: Apache/2.4.25 (Debian) PHP/7.1.20 configured -- resuming normal operations
[Tue Jun 18 07:39:50.037928 2019] [core:notice] [pid 1] AH00094: Command line: 'apache2 -D FOREGROUND'
[Tue Jun 18 07:43:31.515496 2019] [mpm_prefork:notice] [pid 1] AH00169: caught SIGTERM, shutting down
AH00558: apache2: Could not reliably determine the server's fully qualified domain name, using 172.21.0.4. Set the 'ServerName' directive globally to suppress this message
[Tue Jun 18 07:43:51.306694 2019] [mpm_prefork:notice] [pid 1] AH00163: Apache/2.4.25 (Debian) PHP/7.1.20 configured -- resuming normal operations
[Tue Jun 18 07:43:51.306868 2019] [core:notice] [pid 1] AH00094: Command line: 'apache2 -D FOREGROUND'
[Tue Jun 18 10:26:58.087689 2019] [mpm_prefork:notice] [pid 1] AH00169: caught SIGTERM, shutting down
AH00558: apache2: Could not reliably determine the server's fully qualified domain name, using 172.21.0.4. Set the 'ServerName' directive globally to suppress this message
[Tue Jun 18 15:43:03.032848 2019] [mpm_prefork:notice] [pid 1] AH00163: Apache/2.4.25 (Debian) PHP/7.1.20 configured -- resuming normal operations
[Tue Jun 18 15:43:03.035339 2019] [core:notice] [pid 1] AH00094: Command line: 'apache2 -D FOREGROUND'
[Tue Jun 18 15:44:28.112178 2019] [autoindex:error] [pid 16] [client 172.21.0.1:54416] AH01276: Cannot serve directory /var/www/html/: No matching DirectoryIndex (index.php,index.html) found, and server-generated directory index forbidden by Options directive
[Tue Jun 18 15:46:08.256722 2019] [mpm_prefork:notice] [pid 1] AH00169: caught SIGTERM, shutting down
AH00558: apache2: Could not reliably determine the server's fully qualified domain name, using 172.21.0.4. Set the 'ServerName' directive globally to suppress this message
[Tue Jun 18 15:51:59.887670 2019] [mpm_prefork:notice] [pid 1] AH00163: Apache/2.4.25 (Debian) PHP/7.1.20 configured -- resuming normal operations
[Tue Jun 18 15:51:59.887728 2019] [core:notice] [pid 1] AH00094: Command line: 'apache2 -D FOREGROUND'
[Tue Jun 18 15:52:28.342014 2019] [autoindex:error] [pid 17] [client 172.21.0.1:54860] AH01276: Cannot serve directory /var/www/html/: No matching DirectoryIndex (index.php,index.html) found, and server-generated directory index forbidden by Options directive
[Tue Jun 18 15:53:11.974426 2019] [mpm_prefork:notice] [pid 1] AH00169: caught SIGTERM, shutting down
AH00558: apache2: Could not reliably determine the server's fully qualified domain name, using 172.21.0.4. Set the 'ServerName' directive globally to suppress this message
[Tue Jun 18 15:54:45.957571 2019] [mpm_prefork:notice] [pid 1] AH00163: Apache/2.4.25 (Debian) PHP/7.1.20 configured -- resuming normal operations
[Tue Jun 18 15:54:45.957640 2019] [core:notice] [pid 1] AH00094: Command line: 'apache2 -D FOREGROUND'
[Tue Jun 18 15:54:51.885088 2019] [autoindex:error] [pid 17] [client 172.21.0.1:54970] AH01276: Cannot serve directory /var/www/html/: No matching DirectoryIndex (index.php,index.html) found, and server-generated directory index forbidden by Options directive
[Tue Jun 18 15:55:49.053933 2019] [mpm_prefork:notice] [pid 1] AH00169: caught SIGTERM, shutting down
AH00558: apache2: Could not reliably determine the server's fully qualified domain name, using 172.21.0.4. Set the 'ServerName' directive globally to suppress this message
[Tue Jun 18 15:56:19.120162 2019] [mpm_prefork:notice] [pid 1] AH00163: Apache/2.4.25 (Debian) PHP/7.1.20 configured -- resuming normal operations
[Tue Jun 18 15:56:19.120232 2019] [core:notice] [pid 1] AH00094: Command line: 'apache2 -D FOREGROUND'
[Tue Jun 18 15:59:54.689275 2019] [mpm_prefork:notice] [pid 1] AH00169: caught SIGTERM, shutting down
AH00558: apache2: Could not reliably determine the server's fully qualified domain name, using 172.21.0.3. Set the 'ServerName' directive globally to suppress this message
[Tue Jun 18 16:00:33.152304 2019] [mpm_prefork:notice] [pid 1] AH00163: Apache/2.4.25 (Debian) PHP/7.1.20 configured -- resuming normal operations
[Tue Jun 18 16:00:33.152369 2019] [core:notice] [pid 1] AH00094: Command line: 'apache2 -D FOREGROUND'
[Tue Jun 18 16:02:05.998587 2019] [autoindex:error] [pid 17] [client 172.21.0.1:45682] AH01276: Cannot serve directory /var/www/html/: No matching DirectoryIndex (index.php,index.html) found, and server-generated directory index forbidden by Options directive
[Tue Jun 18 16:04:20.883291 2019] [mpm_prefork:notice] [pid 1] AH00169: caught SIGTERM, shutting down
AH00558: apache2: Could not reliably determine the server's fully qualified domain name, using 172.18.0.3. Set the 'ServerName' directive globally to suppress this message
[Tue Jun 18 16:33:49.407782 2019] [mpm_prefork:notice] [pid 1] AH00163: Apache/2.4.25 (Debian) PHP/7.1.20 configured -- resuming normal operations
[Tue Jun 18 16:33:49.407835 2019] [core:notice] [pid 1] AH00094: Command line: 'apache2 -D FOREGROUND'
AH00558: apache2: Could not reliably determine the server's fully qualified domain name, using 172.18.0.3. Set the 'ServerName' directive globally to suppress this message
[Tue Jun 18 16:38:14.270353 2019] [mpm_prefork:notice] [pid 1] AH00163: Apache/2.4.25 (Debian) PHP/7.1.20 configured -- resuming normal operations
[Tue Jun 18 16:38:14.271716 2019] [core:notice] [pid 1] AH00094: Command line: 'apache2 -D FOREGROUND'
[Tue Jun 18 16:43:34.375272 2019] [mpm_prefork:notice] [pid 1] AH00169: caught SIGTERM, shutting down
AH00558: apache2: Could not reliably determine the server's fully qualified domain name, using 172.18.0.3. Set the 'ServerName' directive globally to suppress this message
[Tue Jun 18 16:43:47.515036 2019] [mpm_prefork:notice] [pid 1] AH00163: Apache/2.4.25 (Debian) PHP/7.1.20 configured -- resuming normal operations
[Tue Jun 18 16:43:47.515102 2019] [core:notice] [pid 1] AH00094: Command line: 'apache2 -D FOREGROUND'
[Tue Jun 18 23:08:18.420592 2019] [mpm_prefork:notice] [pid 1] AH00169: caught SIGTERM, shutting down
AH00558: apache2: Could not reliably determine the server's fully qualified domain name, using 172.18.0.3. Set the 'ServerName' directive globally to suppress this message
[Wed Jun 19 05:27:06.737190 2019] [mpm_prefork:notice] [pid 1] AH00163: Apache/2.4.25 (Debian) PHP/7.1.20 configured -- resuming normal operations
[Wed Jun 19 05:27:06.737929 2019] [core:notice] [pid 1] AH00094: Command line: 'apache2 -D FOREGROUND'
[Wed Jun 19 06:00:37.812672 2019] [mpm_prefork:notice] [pid 1] AH00169: caught SIGTERM, shutting down
AH00558: apache2: Could not reliably determine the server's fully qualified domain name, using 172.18.0.3. Set the 'ServerName' directive globally to suppress this message
[Wed Jun 19 06:15:41.697388 2019] [mpm_prefork:notice] [pid 1] AH00163: Apache/2.4.25 (Debian) PHP/7.1.20 configured -- resuming normal operations
[Wed Jun 19 06:15:41.706115 2019] [core:notice] [pid 1] AH00094: Command line: 'apache2 -D FOREGROUND'
[Wed Jun 19 09:51:30.863520 2019] [mpm_prefork:notice] [pid 1] AH00169: caught SIGTERM, shutting down
AH00558: apache2: Could not reliably determine the server's fully qualified domain name, using 172.18.0.3. Set the 'ServerName' directive globally to suppress this message
[Wed Jun 19 12:51:01.914095 2019] [mpm_prefork:notice] [pid 1] AH00163: Apache/2.4.25 (Debian) PHP/7.1.20 configured -- resuming normal operations
[Wed Jun 19 12:51:01.915334 2019] [core:notice] [pid 1] AH00094: Command line: 'apache2 -D FOREGROUND'
[Wed Jun 19 15:59:15.703829 2019] [mpm_prefork:notice] [pid 1] AH00169: caught SIGTERM, shutting down
AH00558: apache2: Could not reliably determine the server's fully qualified domain name, using 172.18.0.3. Set the 'ServerName' directive globally to suppress this message
[Wed Jun 19 15:59:27.613082 2019] [mpm_prefork:notice] [pid 1] AH00163: Apache/2.4.25 (Debian) PHP/7.1.20 configured -- resuming normal operations
[Wed Jun 19 15:59:27.613156 2019] [core:notice] [pid 1] AH00094: Command line: 'apache2 -D FOREGROUND'
[Wed Jun 19 21:39:34.496807 2019] [mpm_prefork:notice] [pid 1] AH00169: caught SIGTERM, shutting down
AH00558: apache2: Could not reliably determine the server's fully qualified domain name, using 172.18.0.3. Set the 'ServerName' directive globally to suppress this message
[Wed Jun 19 21:39:43.379802 2019] [mpm_prefork:notice] [pid 1] AH00163: Apache/2.4.25 (Debian) PHP/7.1.20 configured -- resuming normal operations
[Wed Jun 19 21:39:43.379876 2019] [core:notice] [pid 1] AH00094: Command line: 'apache2 -D FOREGROUND'
